<?xml version="1.0" encoding="UTF-8"?>
<!-- Generated by org.testng.reporters.JUnitReportReporter -->
<testsuite hostname="DESKTOP-R20BO4S" failures="0" tests="1" name="test.day2" time="0.010" errors="0" timestamp="2023-11-21T09:36:35 IST" skipped="0">
  <testcase classname="test.day2" name="ploan" time="0.010"/>
  <system-out/>
</testsuite> <!-- test.day2 -->
